2018-10-21 12:22:06 ERROR Properties::load open file failed .\reaper.cfg
2018-10-21 12:22:06 INFO Configuration::parseApplicationInfo IE setting will be initialized in async
2018-10-21 12:22:06 INFO System::getMacAddressNew adapter: name=Realtek PCIe FE Family Controller, mac=507b9dc2a357, ifType=6
2018-10-21 12:22:06 ERROR Failed to initialize COM libraray. Error code = 0x80010106
2018-10-21 12:22:06 ERROR Failed to initialize COM libraray. Error code = 0x80010106
2018-10-21 12:22:06 INFO TaskExecutor::init thread 1 threadId=[1028]
2018-10-21 12:22:06 DEBUG TaskExecutor::_threadFunc[1028] enter
2018-10-21 12:22:06 INFO TaskExecutor::init succeed. size=1
2018-10-21 12:22:06 INFO TaskExecutor::init thread 1 threadId=[7880]
2018-10-21 12:22:06 DEBUG TaskExecutor::_threadFunc[7880] enter
2018-10-21 12:22:06 INFO TaskExecutor::init succeed. size=1
2018-10-21 12:22:06 INFO Configuration::asyncIESetting null proxy url
2018-10-21 12:22:06 DEBUG await [1028] 8
2018-10-21 12:22:06 INFO AnalyticsTracker::trackInitial sdkVersion=10.1.34, isInit2=0
2018-10-21 12:22:06 WARN ConfigurationUpdateTask::check server post url is null.
2018-10-21 12:22:06 INFO FileStorage::open file .\log\lenovo_reaper.db7 created
2018-10-21 12:22:06 INFO FileStorage::open file .\log\lenovo_reaper.db7 open succeed
2018-10-21 12:22:06 DEBUG FileStorage::readRecord read 0 characters
2018-10-21 12:22:06 INFO FileEventDaoImpl::activeSession DB init
2018-10-21 12:22:06 DEBUG FileStorage::position failed offset=0, tellg=-1, tellp=-1
2018-10-21 12:22:06 DEBUG FileStorage::position again offset=0, tellg=0, tellp=0
2018-10-21 12:22:06 DEBUG FileStorage::writeRecord write 70 characters
2018-10-21 12:22:06 DEBUG await [7880] 11
2018-10-21 12:22:06 WARN ConfigurationUpdateTask::check server post url is null.
2018-10-21 12:22:06 DEBUG FileStorage::writeRecord write 107 characters
2018-10-21 12:22:06 DEBUG FileStorage::writeRecord write 70 characters
2018-10-21 12:22:06 DEBUG await [7880] 0
2018-10-21 12:22:06 DEBUG FileStorage::writeRecord write 210 characters
2018-10-21 12:22:06 DEBUG FileStorage::writeRecord write 70 characters
2018-10-21 12:22:06 DEBUG await [1028] 0
2018-10-21 12:22:06 DEBUG FileStorage::readRecord read 4096 characters
2018-10-21 12:22:06 DEBUG FileStorage::readRecord read 209 characters
2018-10-21 12:22:06 DEBUG HttpRequestHandler::postEvents enter listSize=2
2018-10-21 12:22:06 INFO AnalyticsTracker::sendEvents no reported event.
2018-10-21 12:22:06 WARN ConfigurationUpdateTask::check server post url is null.
2018-10-21 12:22:06 DEBUG FileStorage::position failed offset=4096, tellg=-1, tellp=-1
2018-10-21 12:22:06 DEBUG FileStorage::position again offset=4096, tellg=4096, tellp=4096
2018-10-21 12:22:06 DEBUG FileStorage::readRecord read 4096 characters
2018-10-21 12:22:06 DEBUG FileStorage::readRecord read 209 characters
2018-10-21 12:22:06 DEBUG HttpRequestHandler::postEvents enter listSize=2
2018-10-21 12:22:06 INFO AnalyticsTracker::sendEvents no reported event.
2018-10-21 12:22:06 DEBUG await [7880] 0
2018-10-21 12:22:10 INFO AnalyticsTracker::syncExit enter
2018-10-21 12:22:10 DEBUG FileStorage::position failed offset=12288, tellg=-1, tellp=-1
2018-10-21 12:22:10 DEBUG FileStorage::position again offset=12288, tellg=12288, tellp=12288
2018-10-21 12:22:10 DEBUG FileStorage::writeRecord write 171 characters
2018-10-21 12:22:10 DEBUG FileStorage::writeRecord write 70 characters
2018-10-21 12:22:10 INFO AnalyticsTracker::syncExit returned after 1 ms
2018-10-21 12:22:10 DEBUG TaskExecutor::notifyAllAndWait WaitForMultipleObjects returned
2018-10-21 12:22:10 INFO TaskExecutor::notifyAllAndWait finished
2018-10-21 12:22:10 DEBUG TaskExecutor::notifyAllAndWait WaitForMultipleObjects returned
2018-10-21 12:22:10 INFO TaskExecutor::notifyAllAndWait finished
2018-10-21 12:22:10 INFO AnalyticsTracker::~AnalyticsTracker finished
2018-10-21 12:22:10 INFO TaskExecutor::~TaskExecutor finished
2018-10-21 12:22:10 INFO TaskExecutor::~TaskExecutor finished
